[     331ms] [INFO] %cDownload the React DevTools for a better development experience: https://react.dev/link/react-devtools font-weight:bold @ http://localhost:3000/_next/static/chunks/node_modules_next_dist_115brz8._.js:2431
[     379ms] [LOG] [HMR] connected @ http://localhost:3000/_next/static/chunks/node_modules_next_dist_115brz8._.js:2431
[     500ms] [LOG] [Fast Refresh] rebuilding @ http://localhost:3000/_next/static/chunks/node_modules_next_dist_115brz8._.js:2431
[     595ms] [LOG] [Fast Refresh] done in 196ms @ http://localhost:3000/_next/static/chunks/node_modules_next_dist_115brz8._.js:2431
[     609ms] [INFO] Sanity is live with automatic revalidation of published content @ http://localhost:3000/_next/static/chunks/node_modules_next_dist_115brz8._.js:2431
[   34929ms] [ERROR] WebSocket connection to 'ws://localhost:3000/_next/webpack-hmr?id=ZfnrCVo5HiPGG5V6yH0qY' failed: Error in connection establishment: net::ERR_CONNECTION_REFUSED @ http://localhost:3000/_next/static/chunks/node_modules_next_dist_client_0fhqo1d._.js:13299
[   35932ms] [ERROR] WebSocket connection to 'ws://localhost:3000/_next/webpack-hmr?id=ZfnrCVo5HiPGG5V6yH0qY' failed: Error in connection establishment: net::ERR_CONNECTION_REFUSED @ http://localhost:3000/_next/static/chunks/node_modules_next_dist_client_0fhqo1d._.js:13299
[   36935ms] [ERROR] WebSocket connection to 'ws://localhost:3000/_next/webpack-hmr?id=ZfnrCVo5HiPGG5V6yH0qY' failed: Error in connection establishment: net::ERR_CONNECTION_REFUSED @ http://localhost:3000/_next/static/chunks/node_modules_next_dist_client_0fhqo1d._.js:13299
[   37937ms] [ERROR] WebSocket connection to 'ws://localhost:3000/_next/webpack-hmr?id=ZfnrCVo5HiPGG5V6yH0qY' failed: Error in connection establishment: net::ERR_CONNECTION_REFUSED @ http://localhost:3000/_next/static/chunks/node_modules_next_dist_client_0fhqo1d._.js:13299
[   38940ms] [ERROR] WebSocket connection to 'ws://localhost:3000/_next/webpack-hmr?id=ZfnrCVo5HiPGG5V6yH0qY' failed: Error in connection establishment: net::ERR_CONNECTION_REFUSED @ http://localhost:3000/_next/static/chunks/node_modules_next_dist_client_0fhqo1d._.js:13299
[   43944ms] [ERROR] WebSocket connection to 'ws://localhost:3000/_next/webpack-hmr?id=ZfnrCVo5HiPGG5V6yH0qY' failed: Error in connection establishment: net::ERR_CONNECTION_REFUSED @ http://localhost:3000/_next/static/chunks/node_modules_next_dist_client_0fhqo1d._.js:13299
[   48947ms] [ERROR] WebSocket connection to 'ws://localhost:3000/_next/webpack-hmr?id=ZfnrCVo5HiPGG5V6yH0qY' failed: Error in connection establishment: net::ERR_CONNECTION_REFUSED @ http://localhost:3000/_next/static/chunks/node_modules_next_dist_client_0fhqo1d._.js:13299
[   53950ms] [ERROR] WebSocket connection to 'ws://localhost:3000/_next/webpack-hmr?id=ZfnrCVo5HiPGG5V6yH0qY' failed: Error in connection establishment: net::ERR_CONNECTION_REFUSED @ http://localhost:3000/_next/static/chunks/node_modules_next_dist_client_0fhqo1d._.js:13299
[   58952ms] [ERROR] WebSocket connection to 'ws://localhost:3000/_next/webpack-hmr?id=ZfnrCVo5HiPGG5V6yH0qY' failed: Error in connection establishment: net::ERR_CONNECTION_REFUSED @ http://localhost:3000/_next/static/chunks/node_modules_next_dist_client_0fhqo1d._.js:13299
[   63956ms] [ERROR] WebSocket connection to 'ws://localhost:3000/_next/webpack-hmr?id=ZfnrCVo5HiPGG5V6yH0qY' failed: Error in connection establishment: net::ERR_CONNECTION_REFUSED @ http://localhost:3000/_next/static/chunks/node_modules_next_dist_client_0fhqo1d._.js:13299
[   68964ms] [ERROR] WebSocket connection to 'ws://localhost:3000/_next/webpack-hmr?id=ZfnrCVo5HiPGG5V6yH0qY' failed: Error in connection establishment: net::ERR_CONNECTION_REFUSED @ http://localhost:3000/_next/static/chunks/node_modules_next_dist_client_0fhqo1d._.js:13299
[   73975ms] [LOG] [HMR] connected @ http://localhost:3000/_next/static/chunks/node_modules_next_dist_115brz8._.js:2431
[   74367ms] [INFO] %cDownload the React DevTools for a better development experience: https://react.dev/link/react-devtools font-weight:bold @ http://localhost:3000/_next/static/chunks/node_modules_next_dist_115brz8._.js:2431
[   74396ms] [LOG] [HMR] connected @ http://localhost:3000/_next/static/chunks/node_modules_next_dist_115brz8._.js:2431
[   74580ms] [INFO] Sanity is live with automatic revalidation of published content @ http://localhost:3000/_next/static/chunks/node_modules_next_dist_115brz8._.js:2431
[  254282ms] [LOG] [Fast Refresh] rebuilding @ http://localhost:3000/_next/static/chunks/node_modules_next_dist_115brz8._.js:2431
[  254431ms] [LOG] [Fast Refresh] done in 221ms @ http://localhost:3000/_next/static/chunks/node_modules_next_dist_115brz8._.js:2431
